d:\vs projects\project15 类和对象\project15类和对象\project15类和对象\x64\debug\vc143.pdb
d:\vs projects\project15 类和对象\project15类和对象\project15类和对象\x64\debug\05 成员属性设置为私有.obj
d:\vs projects\project15 类和对象\project15类和对象\project15类和对象\x64\debug\04 struct和class区别.obj
d:\vs projects\project15 类和对象\project15类和对象\project15类和对象\x64\debug\03 封装的权限控制.obj
d:\vs projects\project15 类和对象\project15类和对象\project15类和对象\x64\debug\02 封装案例 学生类.obj
d:\vs projects\project15 类和对象\project15类和对象\project15类和对象\x64\debug\01 封装的意义.obj
d:\vs projects\project15 类和对象\project15类和对象\x64\debug\project15类和对象.exe
d:\vs projects\project15 类和对象\project15类和对象\x64\debug\project15类和对象.pdb
d:\vs projects\project15 类和对象\project15类和对象\project15类和对象\x64\debug\project15类和对象.ilk
d:\vs projects\project15 类和对象\project15类和对象\project15类和对象\x64\debug\temp.obj
d:\vs projects\project15 类和对象\project15类和对象\project15类和对象\x64\debug\temp2.obj
d:\vs projects\project15 类和对象\project15类和对象\project15类和对象\x64\debug\05 成员属性设置为私有.new.obj.enc
d:\vs projects\project15 类和对象\project15类和对象\project15类和对象\x64\debug\vc143.idb
d:\vs projects\project15 类和对象\project15类和对象\project15类和对象\x64\debug\project15类和对象.tlog\cl.command.1.tlog
d:\vs projects\project15 类和对象\project15类和对象\project15类和对象\x64\debug\project15类和对象.tlog\cl.items.tlog
d:\vs projects\project15 类和对象\project15类和对象\project15类和对象\x64\debug\project15类和对象.tlog\cl.read.1.tlog
d:\vs projects\project15 类和对象\project15类和对象\project15类和对象\x64\debug\project15类和对象.tlog\cl.write.1.tlog
d:\vs projects\project15 类和对象\project15类和对象\project15类和对象\x64\debug\project15类和对象.tlog\link.command.1.tlog
d:\vs projects\project15 类和对象\project15类和对象\project15类和对象\x64\debug\project15类和对象.tlog\link.read.1.tlog
d:\vs projects\project15 类和对象\project15类和对象\project15类和对象\x64\debug\project15类和对象.tlog\link.secondary.1.tlog
d:\vs projects\project15 类和对象\project15类和对象\project15类和对象\x64\debug\project15类和对象.tlog\link.write.1.tlog
